{
  "RSpec": {
    "coverage": {
      "/Users/macbook/RubymineProjects/task_manager/app/models/user.rb": [
        1,
        null,
        null,
        1,
        1,
        null,
        1,
        1,
        null,
        1,
        0,
        0,
        0,
        0,
        0,
        0,
        0,
        0,
        0,
        null,
        null,
        null
      ],
      "/Users/macbook/RubymineProjects/task_manager/app/models/application_record.rb": [
        1,
        1,
        null
      ],
      "/Users/macbook/RubymineProjects/task_manager/app/helpers/application_helper.rb": [
        1,
        null
      ],
      "/Users/macbook/RubymineProjects/task_manager/app/controllers/home_controller.rb": [
        1,
        1,
        null,
        null,
        null
      ],
      "/Users/macbook/RubymineProjects/task_manager/app/controllers/application_controller.rb": [
        1,
        1,
        null
      ],
      "/Users/macbook/RubymineProjects/task_manager/app/controllers/tasks_controller.rb": [
        null,
        null,
        1,
        1,
        1,
        null,
        1,
        3,
        null,
        null,
        1,
        null,
        1,
        1,
        null,
        null,
        1,
        null,
        1,
        2,
        2,
        2,
        1,
        null,
        1,
        null,
        null,
        null,
        1,
        2,
        2,
        2,
        1,
        null,
        1,
        null,
        null,
        null,
        1,
        1,
        1,
        1,
        2,
        null,
        null,
        null,
        1,
        null,
        1,
        4,
        null,
        null,
        1,
        4,
        null,
        null,
        null
      ],
      "/Users/macbook/RubymineProjects/task_manager/app/controllers/users/registrations_controller.rb": [
        null,
        null,
        1,
        1,
        null,
        null,
        null,
        1,
        1,
        1,
        1,
        null,
        null,
        null,
        1,
        2,
        null,
        null,
        null,
        null,
        null,
        null,
        null,
        null,
        null,
        null,
        null,
        null,
        null,
        null,
        null,
        null,
        null,
        null,
        null,
        null,
        null,
        null,
        null,
        null,
        null,
        null,
        null,
        null,
        null,
        1,
        2,
        null,
        null,
        null,
        null,
        null,
        null,
        null,
        null,
        null,
        null,
        null,
        null,
        null,
        null,
        null,
        null,
        null
      ],
      "/Users/macbook/RubymineProjects/task_manager/app/models/person.rb": [
        1,
        1,
        1,
        1,
        null
      ],
      "/Users/macbook/RubymineProjects/task_manager/app/models/task.rb": [
        null,
        null,
        1,
        1,
        null,
        1,
        1,
        1,
        1,
        null,
        1,
        2,
        null,
        null,
        1,
        15,
        null,
        null
      ],
      "/Users/macbook/RubymineProjects/task_manager/app/services/tasks/task_destroyer.rb": [
        1,
        null,
        1,
        1,
        null,
        null,
        1,
        1,
        null,
        null
      ],
      "/Users/macbook/RubymineProjects/task_manager/app/services/tasks/task_creator.rb": [
        1,
        null,
        1,
        2,
        null,
        null,
        1,
        2,
        2,
        null,
        null
      ],
      "/Users/macbook/RubymineProjects/task_manager/app/services/tasks/task_updater.rb": [
        1,
        null,
        1,
        2,
        2,
        null,
        null,
        1,
        2,
        null,
        null
      ],
      "/Users/macbook/RubymineProjects/task_manager/app/controllers/users/omniauth_callbacks_controller.rb": [
        0,
        0,
        0,
        null,
        0,
        0,
        0,
        0,
        0,
        0,
        0,
        0,
        0
      ]
    },
    "timestamp": 1568239874
  }
}
